# JRE version: Java(TM) SE Runtime Environment (10.0.2+13) (build 10.0.2+13)
# Java VM: Java HotSpot(TM) 64-Bit Server VM (10.0.2+13, mixed mode, tiered, compressed oops, g1 gc, linux-amd64)
Heap:
 garbage-first heap   total 256000K, used 38883K [0x00000000c0000000, 0x0000000100000000)
  region size 1024K, 37 young (37888K), 5 survivors (5120K)
 Metaspace       used 26488K, capacity 27141K, committed 27392K, reserved 1073152K
  class space    used 2694K, capacity 2999K, committed 3072K, reserved 1048576K
GC Heap History (10 events):
Event: 81.998 GC heap before
{Heap before GC invocations=7 (full 0):
 garbage-first heap   total 256000K, used 155700K [0x00000000c0000000, 0x0000000100000000)
  region size 1024K, 150 young (153600K), 5 survivors (5120K)
 Metaspace       used 19369K, capacity 19786K, committed 19968K, reserved 1067008K
  class space    used 1896K, capacity 2041K, committed 2048K, reserved 1048576K
}
Event: 82.003 GC heap after
{Heap after GC invocations=8 (full 0):
 garbage-first heap   total 256000K, used 7441K [0x00000000c0000000, 0x0000000100000000)
  region size 1024K, 5 young (5120K), 5 survivors (5120K)
 Metaspace       used 19369K, capacity 19786K, committed 19968K, reserved 1067008K
  class space    used 1896K, capacity 2041K, committed 2048K, reserved 1048576K
}
Event: 93.989 GC heap before
{Heap before GC invocations=8 (full 0):
 garbage-first heap   total 256000K, used 155921K [0x00000000c0000000, 0x0000000100000000)
  region size 1024K, 150 young (153600K), 5 survivors (5120K)
 Metaspace       used 19369K, capacity 19786K, committed 19968K, reserved 1067008K
  class space    used 1896K, capacity 2041K, committed 2048K, reserved 1048576K
}
Event: 93.993 GC heap after
{Heap after GC invocations=9 (full 0):
 garbage-first heap   total 256000K, used 7368K [0x00000000c0000000, 0x0000000100000000)
  region size 1024K, 5 young (5120K), 5 survivors (5120K)
 Metaspace       used 19369K, capacity 19786K, committed 19968K, reserved 1067008K
  class space    used 1896K, capacity 2041K, committed 2048K, reserved 1048576K
}
Event: 106.588 GC heap before
{Heap before GC invocations=9 (full 0):
 garbage-first heap   total 256000K, used 155848K [0x00000000c0000000, 0x0000000100000000)
  region size 1024K, 150 young (153600K), 5 survivors (5120K)
 Metaspace       used 19373K, capacity 19786K, committed 19968K, reserved 1067008K
  class space    used 1896K, capacity 2041K, committed 2048K, reserved 1048576K
}
Event: 106.596 GC heap after
{Heap after GC invocations=10 (full 0):
 garbage-first heap   total 256000K, used 7651K [0x00000000c0000000, 0x0000000100000000)
  region size 1024K, 6 young (6144K), 6 survivors (6144K)
 Metaspace       used 19373K, capacity 19786K, committed 19968K, reserved 1067008K
  class space    used 1896K, capacity 2041K, committed 2048K, reserved 1048576K
}
Event: 118.621 GC heap before
{Heap before GC invocations=10 (full 0):
 garbage-first heap   total 256000K, used 155107K [0x00000000c0000000, 0x0000000100000000)
  region size 1024K, 150 young (153600K), 6 survivors (6144K)
 Metaspace       used 19374K, capacity 19786K, committed 19968K, reserved 1067008K
  class space    used 1896K, capacity 2041K, committed 2048K, reserved 1048576K
}
Event: 118.628 GC heap after
{Heap after GC invocations=11 (full 0):
 garbage-first heap   total 256000K, used 7087K [0x00000000c0000000, 0x0000000100000000)
  region size 1024K, 5 young (5120K), 5 survivors (5120K)
 Metaspace       used 19374K, capacity 19786K, committed 19968K, reserved 1067008K
  class space    used 1896K, capacity 2041K, committed 2048K, reserved 1048576K
}
Event: 123.386 GC heap before
{Heap before GC invocations=11 (full 0):
 garbage-first heap   total 256000K, used 77743K [0x00000000c0000000, 0x0000000100000000)
  region size 1024K, 75 young (76800K), 5 survivors (5120K)
 Metaspace       used 20571K, capacity 21007K, committed 21248K, reserved 1069056K
  class space    used 1991K, capacity 2203K, committed 2304K, reserved 1048576K
}
Event: 123.410 GC heap after
{Heap after GC invocations=12 (full 0):
 garbage-first heap   total 256000K, used 7139K [0x00000000c0000000, 0x0000000100000000)
  region size 1024K, 5 young (5120K), 5 survivors (5120K)
 Metaspace       used 20571K, capacity 21007K, committed 21248K, reserved 1069056K
  class space    used 1991K, capacity 2203K, committed 2304K, reserved 1048576K
}

