# JRE version: Java(TM) SE Runtime Environment (8.0_181-b13) (build 1.8.0_181-b13)
# Java VM: Java HotSpot(TM) 64-Bit Server VM (25.181-b13 mixed mode linux-amd64 compressed oops)
Heap:
 PSYoungGen      total 66560K, used 10263K [0x00000000eab00000, 0x00000000ef500000, 0x0000000100000000)
  eden space 61440K, 8% used [0x00000000eab00000,0x00000000eb050ca0,0x00000000ee700000)
  from space 5120K, 94% used [0x00000000ef000000,0x00000000ef4b4fe0,0x00000000ef500000)
  to   space 7168K, 0% used [0x00000000ee700000,0x00000000ee700000,0x00000000eee00000)
 ParOldGen       total 171008K, used 56K [0x00000000c0000000, 0x00000000ca700000, 0x00000000eab00000)
  object space 171008K, 0% used [0x00000000c0000000,0x00000000c000e000,0x00000000ca700000)
 Metaspace       used 17275K, capacity 17738K, committed 18048K, reserved 1064960K
  class space    used 1910K, capacity 2075K, committed 2176K, reserved 1048576K
GC Heap History (10 events):
Event: 12.236 GC heap before
{Heap before GC invocations=2 (full 0):
 PSYoungGen      total 74752K, used 71803K [0x00000000eab00000, 0x00000000efe00000, 0x0000000100000000)
  eden space 64512K, 100% used [0x00000000eab00000,0x00000000eea00000,0x00000000eea00000)
  from space 10240K, 71% used [0x00000000eea00000,0x00000000ef11ecf0,0x00000000ef400000)
  to   space 10240K, 0% used [0x00000000ef400000,0x00000000ef400000,0x00000000efe00000)
 ParOldGen       total 171008K, used 16K [0x00000000c0000000, 0x00000000ca700000, 0x00000000eab00000)
  object space 171008K, 0% used [0x00000000c0000000,0x00000000c0004000,0x00000000ca700000)
 Metaspace       used 13306K, capacity 13488K, committed 13696K, reserved 1060864K
  class space    used 1510K, capacity 1575K, committed 1664K, reserved 1048576K
Event: 12.248 GC heap after
Heap after GC invocations=2 (full 0):
 PSYoungGen      total 74752K, used 4951K [0x00000000eab00000, 0x00000000efe00000, 0x0000000100000000)
  eden space 64512K, 0% used [0x00000000eab00000,0x00000000eab00000,0x00000000eea00000)
  from space 10240K, 48% used [0x00000000ef400000,0x00000000ef8d5f30,0x00000000efe00000)
  to   space 10240K, 0% used [0x00000000eea00000,0x00000000eea00000,0x00000000ef400000)
 ParOldGen       total 171008K, used 24K [0x00000000c0000000, 0x00000000ca700000, 0x00000000eab00000)
  object space 171008K, 0% used [0x00000000c0000000,0x00000000c0006000,0x00000000ca700000)
 Metaspace       used 13306K, capacity 13488K, committed 13696K, reserved 1060864K
  class space    used 1510K, capacity 1575K, committed 1664K, reserved 1048576K
}
Event: 19.420 GC heap before
{Heap before GC invocations=3 (full 0):
 PSYoungGen      total 74752K, used 69463K [0x00000000eab00000, 0x00000000efe00000, 0x0000000100000000)
  eden space 64512K, 100% used [0x00000000eab00000,0x00000000eea00000,0x00000000eea00000)
  from space 10240K, 48% used [0x00000000ef400000,0x00000000ef8d5f30,0x00000000efe00000)
  to   space 10240K, 0% used [0x00000000eea00000,0x00000000eea00000,0x00000000ef400000)
 ParOldGen       total 171008K, used 24K [0x00000000c0000000, 0x00000000ca700000, 0x00000000eab00000)
  object space 171008K, 0% used [0x00000000c0000000,0x00000000c0006000,0x00000000ca700000)
 Metaspace       used 13357K, capacity 13552K, committed 13696K, reserved 1060864K
  class space    used 1510K, capacity 1575K, committed 1664K, reserved 1048576K
Event: 19.423 GC heap after
Heap after GC invocations=3 (full 0):
 PSYoungGen      total 74752K, used 3891K [0x00000000eab00000, 0x00000000efe00000, 0x0000000100000000)
  eden space 64512K, 0% used [0x00000000eab00000,0x00000000eab00000,0x00000000eea00000)
  from space 10240K, 38% used [0x00000000eea00000,0x00000000eedccf90,0x00000000ef400000)
  to   space 10240K, 0% used [0x00000000ef400000,0x00000000ef400000,0x00000000efe00000)
 ParOldGen       total 171008K, used 32K [0x00000000c0000000, 0x00000000ca700000, 0x00000000eab00000)
  object space 171008K, 0% used [0x00000000c0000000,0x00000000c0008000,0x00000000ca700000)
 Metaspace       used 13357K, capacity 13552K, committed 13696K, reserved 1060864K
  class space    used 1510K, capacity 1575K, committed 1664K, reserved 1048576K
}
Event: 26.543 GC heap before
{Heap before GC invocations=4 (full 0):
 PSYoungGen      total 74752K, used 68403K [0x00000000eab00000, 0x00000000efe00000, 0x0000000100000000)
  eden space 64512K, 100% used [0x00000000eab00000,0x00000000eea00000,0x00000000eea00000)
  from space 10240K, 38% used [0x00000000eea00000,0x00000000eedccf90,0x00000000ef400000)
  to   space 10240K, 0% used [0x00000000ef400000,0x00000000ef400000,0x00000000efe00000)
 ParOldGen       total 171008K, used 32K [0x00000000c0000000, 0x00000000ca700000, 0x00000000eab00000)
  object space 171008K, 0% used [0x00000000c0000000,0x00000000c0008000,0x00000000ca700000)
 Metaspace       used 13513K, capacity 13748K, committed 13952K, reserved 1060864K
  class space    used 1526K, capacity 1613K, committed 1664K, reserved 1048576K
Event: 26.545 GC heap after
Heap after GC invocations=4 (full 0):
 PSYoungGen      total 74752K, used 4067K [0x00000000eab00000, 0x00000000efe00000, 0x0000000100000000)
  eden space 64512K, 0% used [0x00000000eab00000,0x00000000eab00000,0x00000000eea00000)
  from space 10240K, 39% used [0x00000000ef400000,0x00000000ef7f8fc0,0x00000000efe00000)
  to   space 10240K, 0% used [0x00000000eea00000,0x00000000eea00000,0x00000000ef400000)
 ParOldGen       total 171008K, used 40K [0x00000000c0000000, 0x00000000ca700000, 0x00000000eab00000)
  object space 171008K, 0% used [0x00000000c0000000,0x00000000c000a000,0x00000000ca700000)
 Metaspace       used 13513K, capacity 13748K, committed 13952K, reserved 1060864K
  class space    used 1526K, capacity 1613K, committed 1664K, reserved 1048576K
}
Event: 30.251 GC heap before
{Heap before GC invocations=5 (full 0):
 PSYoungGen      total 74752K, used 68579K [0x00000000eab00000, 0x00000000efe00000, 0x0000000100000000)
  eden space 64512K, 100% used [0x00000000eab00000,0x00000000eea00000,0x00000000eea00000)
  from space 10240K, 39% used [0x00000000ef400000,0x00000000ef7f8fc0,0x00000000efe00000)
  to   space 10240K, 0% used [0x00000000eea00000,0x00000000eea00000,0x00000000ef400000)
 ParOldGen       total 171008K, used 40K [0x00000000c0000000, 0x00000000ca700000, 0x00000000eab00000)
  object space 171008K, 0% used [0x00000000c0000000,0x00000000c000a000,0x00000000ca700000)
 Metaspace       used 14170K, capacity 14482K, committed 14592K, reserved 1062912K
  class space    used 1596K, capacity 1712K, committed 1792K, reserved 1048576K
Event: 30.256 GC heap after
Heap after GC invocations=5 (full 0):
 PSYoungGen      total 67584K, used 4307K [0x00000000eab00000, 0x00000000ef780000, 0x0000000100000000)
  eden space 62976K, 0% used [0x00000000eab00000,0x00000000eab00000,0x00000000ee880000)
  from space 4608K, 93% used [0x00000000eea00000,0x00000000eee34fe0,0x00000000eee80000)
  to   space 7680K, 0% used [0x00000000ef000000,0x00000000ef000000,0x00000000ef780000)
 ParOldGen       total 171008K, used 48K [0x00000000c0000000, 0x00000000ca700000, 0x00000000eab00000)
  object space 171008K, 0% used [0x00000000c0000000,0x00000000c000c000,0x00000000ca700000)
 Metaspace       used 14170K, capacity 14482K, committed 14592K, reserved 1062912K
  class space    used 1596K, capacity 1712K, committed 1792K, reserved 1048576K
}
Event: 33.428 GC heap before
{Heap before GC invocations=6 (full 0):
 PSYoungGen      total 67584K, used 67283K [0x00000000eab00000, 0x00000000ef780000, 0x0000000100000000)
  eden space 62976K, 100% used [0x00000000eab00000,0x00000000ee880000,0x00000000ee880000)
  from space 4608K, 93% used [0x00000000eea00000,0x00000000eee34fe0,0x00000000eee80000)
  to   space 7680K, 0% used [0x00000000ef000000,0x00000000ef000000,0x00000000ef780000)
 ParOldGen       total 171008K, used 48K [0x00000000c0000000, 0x00000000ca700000, 0x00000000eab00000)
  object space 171008K, 0% used [0x00000000c0000000,0x00000000c000c000,0x00000000ca700000)
 Metaspace       used 17233K, capacity 17728K, committed 18048K, reserved 1064960K
  class space    used 1904K, capacity 2072K, committed 2176K, reserved 1048576K
Event: 33.432 GC heap after
Heap after GC invocations=6 (full 0):
 PSYoungGen      total 66560K, used 4819K [0x00000000eab00000, 0x00000000ef500000, 0x0000000100000000)
  eden space 61440K, 0% used [0x00000000eab00000,0x00000000eab00000,0x00000000ee700000)
  from space 5120K, 94% used [0x00000000ef000000,0x00000000ef4b4fe0,0x00000000ef500000)
  to   space 7168K, 0% used [0x00000000ee700000,0x00000000ee700000,0x00000000eee00000)
 ParOldGen       total 171008K, used 56K [0x00000000c0000000, 0x00000000ca700000, 0x00000000eab00000)
  object space 171008K, 0% used [0x00000000c0000000,0x00000000c000e000,0x00000000ca700000)
 Metaspace       used 17233K, capacity 17728K, committed 18048K, reserved 1064960K
  class space    used 1904K, capacity 2072K, committed 2176K, reserved 1048576K
}

