# JRE version: Java(TM) SE Runtime Environment (10.0.2+13) (build 10.0.2+13)
# Java VM: Java HotSpot(TM) 64-Bit Server VM (10.0.2+13, mixed mode, tiered, compressed oops, g1 gc, linux-amd64)
Heap:
 garbage-first heap   total 256000K, used 108956K [0x00000000c0000000, 0x0000000100000000)
  region size 1024K, 101 young (103424K), 2 survivors (2048K)
 Metaspace       used 26686K, capacity 27340K, committed 27776K, reserved 1075200K
  class space    used 2541K, capacity 2830K, committed 2944K, reserved 1048576K
GC Heap History (10 events):
Event: 183.424 GC heap before
{Heap before GC invocations=14 (full 0):
 garbage-first heap   total 256000K, used 155289K [0x00000000c0000000, 0x0000000100000000)
  region size 1024K, 150 young (153600K), 7 survivors (7168K)
 Metaspace       used 20783K, capacity 21287K, committed 21680K, reserved 1069056K
  class space    used 1972K, capacity 2183K, committed 2304K, reserved 1048576K
}
Event: 183.437 GC heap after
{Heap after GC invocations=15 (full 0):
 garbage-first heap   total 256000K, used 9163K [0x00000000c0000000, 0x0000000100000000)
  region size 1024K, 7 young (7168K), 7 survivors (7168K)
 Metaspace       used 20783K, capacity 21287K, committed 21680K, reserved 1069056K
  class space    used 1972K, capacity 2183K, committed 2304K, reserved 1048576K
}
Event: 192.187 GC heap before
{Heap before GC invocations=15 (full 0):
 garbage-first heap   total 256000K, used 155595K [0x00000000c0000000, 0x0000000100000000)
  region size 1024K, 150 young (153600K), 7 survivors (7168K)
 Metaspace       used 20785K, capacity 21287K, committed 21680K, reserved 1069056K
  class space    used 1972K, capacity 2183K, committed 2304K, reserved 1048576K
}
Event: 192.197 GC heap after
{Heap after GC invocations=16 (full 0):
 garbage-first heap   total 256000K, used 9463K [0x00000000c0000000, 0x0000000100000000)
  region size 1024K, 7 young (7168K), 7 survivors (7168K)
 Metaspace       used 20785K, capacity 21287K, committed 21680K, reserved 1069056K
  class space    used 1972K, capacity 2183K, committed 2304K, reserved 1048576K
}
Event: 199.321 GC heap before
{Heap before GC invocations=16 (full 0):
 garbage-first heap   total 256000K, used 155895K [0x00000000c0000000, 0x0000000100000000)
  region size 1024K, 150 young (153600K), 7 survivors (7168K)
 Metaspace       used 21523K, capacity 22031K, committed 22192K, reserved 1069056K
  class space    used 2023K, capacity 2204K, committed 2304K, reserved 1048576K
}
Event: 199.326 GC heap after
{Heap after GC invocations=17 (full 0):
 garbage-first heap   total 256000K, used 7801K [0x00000000c0000000, 0x0000000100000000)
  region size 1024K, 3 young (3072K), 3 survivors (3072K)
 Metaspace       used 21523K, capacity 22031K, committed 22192K, reserved 1069056K
  class space    used 2023K, capacity 2204K, committed 2304K, reserved 1048576K
}
Event: 215.763 GC heap before
{Heap before GC invocations=17 (full 0):
 garbage-first heap   total 256000K, used 158329K [0x00000000c0000000, 0x0000000100000000)
  region size 1024K, 150 young (153600K), 3 survivors (3072K)
 Metaspace       used 21571K, capacity 22096K, committed 22448K, reserved 1069056K
  class space    used 2023K, capacity 2204K, committed 2304K, reserved 1048576K
}
Event: 215.765 GC heap after
{Heap after GC invocations=18 (full 0):
 garbage-first heap   total 256000K, used 7428K [0x00000000c0000000, 0x0000000100000000)
  region size 1024K, 1 young (1024K), 1 survivors (1024K)
 Metaspace       used 21571K, capacity 22096K, committed 22448K, reserved 1069056K
  class space    used 2023K, capacity 2204K, committed 2304K, reserved 1048576K
}
Event: 222.300 GC heap before
{Heap before GC invocations=18 (full 0):
 garbage-first heap   total 256000K, used 160004K [0x00000000c0000000, 0x0000000100000000)
  region size 1024K, 150 young (153600K), 1 survivors (1024K)
 Metaspace       used 21592K, capacity 22097K, committed 22448K, reserved 1069056K
  class space    used 2023K, capacity 2204K, committed 2304K, reserved 1048576K
}
Event: 222.303 GC heap after
{Heap after GC invocations=19 (full 0):
 garbage-first heap   total 256000K, used 8604K [0x00000000c0000000, 0x0000000100000000)
  region size 1024K, 2 young (2048K), 2 survivors (2048K)
 Metaspace       used 21592K, capacity 22097K, committed 22448K, reserved 1069056K
  class space    used 2023K, capacity 2204K, committed 2304K, reserved 1048576K
}

