# JRE version: Java(TM) SE Runtime Environment (8.0_181-b13) (build 1.8.0_181-b13)
# Java VM: Java HotSpot(TM) 64-Bit Server VM (25.181-b13 mixed mode linux-amd64 compressed oops)
Heap:
 PSYoungGen      total 31744K, used 13297K [0x00000000eab00000, 0x00000000ecb00000, 0x0000000100000000)
  eden space 31232K, 41% used [0x00000000eab00000,0x00000000eb7c44e0,0x00000000ec980000)
  from space 512K, 43% used [0x00000000eca80000,0x00000000ecab8000,0x00000000ecb00000)
  to   space 512K, 0% used [0x00000000eca00000,0x00000000eca00000,0x00000000eca80000)
 ParOldGen       total 171008K, used 35705K [0x00000000c0000000, 0x00000000ca700000, 0x00000000eab00000)
  object space 171008K, 20% used [0x00000000c0000000,0x00000000c22de7f8,0x00000000ca700000)
 Metaspace       used 18091K, capacity 18550K, committed 18816K, reserved 1067008K
  class space    used 1935K, capacity 2063K, committed 2176K, reserved 1048576K
GC Heap History (10 events):
Event: 7080.948 GC heap before
{Heap before GC invocations=1062 (full 0):
 PSYoungGen      total 31744K, used 31488K [0x00000000eab00000, 0x00000000ecb00000, 0x0000000100000000)
  eden space 31232K, 100% used [0x00000000eab00000,0x00000000ec980000,0x00000000ec980000)
  from space 512K, 50% used [0x00000000eca00000,0x00000000eca40000,0x00000000eca80000)
  to   space 512K, 0% used [0x00000000eca80000,0x00000000eca80000,0x00000000ecb00000)
 ParOldGen       total 171008K, used 35185K [0x00000000c0000000, 0x00000000ca700000, 0x00000000eab00000)
  object space 171008K, 20% used [0x00000000c0000000,0x00000000c225c7e8,0x00000000ca700000)
 Metaspace       used 16480K, capacity 16996K, committed 17280K, reserved 1064960K
  class space    used 1757K, capacity 1906K, committed 1920K, reserved 1048576K
Event: 7080.949 GC heap after
Heap after GC invocations=1062 (full 0):
 PSYoungGen      total 31744K, used 256K [0x00000000eab00000, 0x00000000ecb00000, 0x0000000100000000)
  eden space 31232K, 0% used [0x00000000eab00000,0x00000000eab00000,0x00000000ec980000)
  from space 512K, 50% used [0x00000000eca80000,0x00000000ecac0000,0x00000000ecb00000)
  to   space 512K, 0% used [0x00000000eca00000,0x00000000eca00000,0x00000000eca80000)
 ParOldGen       total 171008K, used 35289K [0x00000000c0000000, 0x00000000ca700000, 0x00000000eab00000)
  object space 171008K, 20% used [0x00000000c0000000,0x00000000c22767e8,0x00000000ca700000)
 Metaspace       used 16480K, capacity 16996K, committed 17280K, reserved 1064960K
  class space    used 1757K, capacity 1906K, committed 1920K, reserved 1048576K
}
Event: 7083.471 GC heap before
{Heap before GC invocations=1063 (full 0):
 PSYoungGen      total 31744K, used 31488K [0x00000000eab00000, 0x00000000ecb00000, 0x0000000100000000)
  eden space 31232K, 100% used [0x00000000eab00000,0x00000000ec980000,0x00000000ec980000)
  from space 512K, 50% used [0x00000000eca80000,0x00000000ecac0000,0x00000000ecb00000)
  to   space 512K, 0% used [0x00000000eca00000,0x00000000eca00000,0x00000000eca80000)
 ParOldGen       total 171008K, used 35289K [0x00000000c0000000, 0x00000000ca700000, 0x00000000eab00000)
  object space 171008K, 20% used [0x00000000c0000000,0x00000000c22767e8,0x00000000ca700000)
 Metaspace       used 17151K, capacity 17644K, committed 17920K, reserved 1064960K
  class space    used 1823K, capacity 1972K, committed 2048K, reserved 1048576K
Event: 7083.472 GC heap after
Heap after GC invocations=1063 (full 0):
 PSYoungGen      total 31744K, used 256K [0x00000000eab00000, 0x00000000ecb00000, 0x0000000100000000)
  eden space 31232K, 0% used [0x00000000eab00000,0x00000000eab00000,0x00000000ec980000)
  from space 512K, 50% used [0x00000000eca00000,0x00000000eca40000,0x00000000eca80000)
  to   space 512K, 0% used [0x00000000eca80000,0x00000000eca80000,0x00000000ecb00000)
 ParOldGen       total 171008K, used 35393K [0x00000000c0000000, 0x00000000ca700000, 0x00000000eab00000)
  object space 171008K, 20% used [0x00000000c0000000,0x00000000c22907e8,0x00000000ca700000)
 Metaspace       used 17151K, capacity 17644K, committed 17920K, reserved 1064960K
  class space    used 1823K, capacity 1972K, committed 2048K, reserved 1048576K
}
Event: 7087.620 GC heap before
{Heap before GC invocations=1064 (full 0):
 PSYoungGen      total 31744K, used 31488K [0x00000000eab00000, 0x00000000ecb00000, 0x0000000100000000)
  eden space 31232K, 100% used [0x00000000eab00000,0x00000000ec980000,0x00000000ec980000)
  from space 512K, 50% used [0x00000000eca00000,0x00000000eca40000,0x00000000eca80000)
  to   space 512K, 0% used [0x00000000eca80000,0x00000000eca80000,0x00000000ecb00000)
 ParOldGen       total 171008K, used 35393K [0x00000000c0000000, 0x00000000ca700000, 0x00000000eab00000)
  object space 171008K, 20% used [0x00000000c0000000,0x00000000c22907e8,0x00000000ca700000)
 Metaspace       used 17977K, capacity 18422K, committed 18560K, reserved 1064960K
  class space    used 1920K, capacity 2063K, committed 2176K, reserved 1048576K
Event: 7087.622 GC heap after
Heap after GC invocations=1064 (full 0):
 PSYoungGen      total 31744K, used 288K [0x00000000eab00000, 0x00000000ecb00000, 0x0000000100000000)
  eden space 31232K, 0% used [0x00000000eab00000,0x00000000eab00000,0x00000000ec980000)
  from space 512K, 56% used [0x00000000eca80000,0x00000000ecac8000,0x00000000ecb00000)
  to   space 512K, 0% used [0x00000000eca00000,0x00000000eca00000,0x00000000eca80000)
 ParOldGen       total 171008K, used 35537K [0x00000000c0000000, 0x00000000ca700000, 0x00000000eab00000)
  object space 171008K, 20% used [0x00000000c0000000,0x00000000c22b47e8,0x00000000ca700000)
 Metaspace       used 17977K, capacity 18422K, committed 18560K, reserved 1064960K
  class space    used 1920K, capacity 2063K, committed 2176K, reserved 1048576K
}
Event: 7090.677 GC heap before
{Heap before GC invocations=1065 (full 0):
 PSYoungGen      total 31744K, used 31520K [0x00000000eab00000, 0x00000000ecb00000, 0x0000000100000000)
  eden space 31232K, 100% used [0x00000000eab00000,0x00000000ec980000,0x00000000ec980000)
  from space 512K, 56% used [0x00000000eca80000,0x00000000ecac8000,0x00000000ecb00000)
  to   space 512K, 0% used [0x00000000eca00000,0x00000000eca00000,0x00000000eca80000)
 ParOldGen       total 171008K, used 35537K [0x00000000c0000000, 0x00000000ca700000, 0x00000000eab00000)
  object space 171008K, 20% used [0x00000000c0000000,0x00000000c22b47e8,0x00000000ca700000)
 Metaspace       used 17977K, capacity 18422K, committed 18560K, reserved 1064960K
  class space    used 1920K, capacity 2063K, committed 2176K, reserved 1048576K
Event: 7090.678 GC heap after
Heap after GC invocations=1065 (full 0):
 PSYoungGen      total 31744K, used 96K [0x00000000eab00000, 0x00000000ecb00000, 0x0000000100000000)
  eden space 31232K, 0% used [0x00000000eab00000,0x00000000eab00000,0x00000000ec980000)
  from space 512K, 18% used [0x00000000eca00000,0x00000000eca18000,0x00000000eca80000)
  to   space 512K, 0% used [0x00000000eca80000,0x00000000eca80000,0x00000000ecb00000)
 ParOldGen       total 171008K, used 35697K [0x00000000c0000000, 0x00000000ca700000, 0x00000000eab00000)
  object space 171008K, 20% used [0x00000000c0000000,0x00000000c22dc7f8,0x00000000ca700000)
 Metaspace       used 17977K, capacity 18422K, committed 18560K, reserved 1064960K
  class space    used 1920K, capacity 2063K, committed 2176K, reserved 1048576K
}
Event: 7093.226 GC heap before
{Heap before GC invocations=1066 (full 0):
 PSYoungGen      total 31744K, used 31328K [0x00000000eab00000, 0x00000000ecb00000, 0x0000000100000000)
  eden space 31232K, 100% used [0x00000000eab00000,0x00000000ec980000,0x00000000ec980000)
  from space 512K, 18% used [0x00000000eca00000,0x00000000eca18000,0x00000000eca80000)
  to   space 512K, 0% used [0x00000000eca80000,0x00000000eca80000,0x00000000ecb00000)
 ParOldGen       total 171008K, used 35697K [0x00000000c0000000, 0x00000000ca700000, 0x00000000eab00000)
  object space 171008K, 20% used [0x00000000c0000000,0x00000000c22dc7f8,0x00000000ca700000)
 Metaspace       used 18049K, capacity 18486K, committed 18816K, reserved 1067008K
  class space    used 1927K, capacity 2063K, committed 2176K, reserved 1048576K
Event: 7093.227 GC heap after
Heap after GC invocations=1066 (full 0):
 PSYoungGen      total 31744K, used 224K [0x00000000eab00000, 0x00000000ecb00000, 0x0000000100000000)
  eden space 31232K, 0% used [0x00000000eab00000,0x00000000eab00000,0x00000000ec980000)
  from space 512K, 43% used [0x00000000eca80000,0x00000000ecab8000,0x00000000ecb00000)
  to   space 512K, 0% used [0x00000000eca00000,0x00000000eca00000,0x00000000eca80000)
 ParOldGen       total 171008K, used 35705K [0x00000000c0000000, 0x00000000ca700000, 0x00000000eab00000)
  object space 171008K, 20% used [0x00000000c0000000,0x00000000c22de7f8,0x00000000ca700000)
 Metaspace       used 18049K, capacity 18486K, committed 18816K, reserved 1067008K
  class space    used 1927K, capacity 2063K, committed 2176K, reserved 1048576K
}

